<?xml version="1.0" encoding="UTF-8"?>
<testsuite xmlns:xsi="http://www.w3.org/2001/XMLSchema-instance" xsi:noNamespaceSchemaLocation="https://maven.apache.org/surefire/maven-surefire-plugin/xsd/surefire-test-report.xsd" version="3.0.2" name="com.globus.modul26.config.SecurityConfigTest" time="5.615" tests="5" errors="0" skipped="0" failures="0">
  <properties>
[...]
</properties>
  <testcase name="logHeadersFilter_beanCreated" classname="com.globus.modul26.config.SecurityConfigTest" time="1.189">
    <system-out><![CDATA[
  .   ____          _            __ _ _
 /\\ / ___'_ __ _ _(_)_ __  __ _ \ \ \ \
( ( )\___ | '_ | '_| | '_ \/ _` | \ \ \ \
 \\/  ___)| |_)| | | | | || (_| |  ) ) ) )
  '  |____| .__|_| |_|_| |_\__, | / / / /
 =========|_|==============|___/=/_/_/_/

 :: Spring Boot ::                (v3.5.0)

RO 15:30:18.057 [background-preinit] INFO  o.h.validator.internal.util.Version - HV000001: Hibernate Validator 8.0.2.Final
RO 15:30:18.176 [main] INFO  c.g.m.config.SecurityConfigTest - Starting SecurityConfigTest using Java 21.0.5 with PID 14760 (started by fgdsfdsfsd in C:\Users\fgdsfdsfsd\IdeaProjects\modul26)
RO 15:30:18.176 [main] DEBUG c.g.m.config.SecurityConfigTest - Running with Spring Boot v3.5.0, Spring v6.2.7
RO 15:30:18.176 [main] INFO  c.g.m.config.SecurityConfigTest - No active profile set, falling back to 1 default profile: "default"
RO 15:30:19.293 [main] DEBUG o.s.s.c.a.a.c.AuthenticationConfiguration$DefaultPasswordEncoderAuthenticationManagerBuilder - No authenticationProviders and no parentAuthenticationManager defined. Returning null.
RO 15:30:19.802 [main] DEBUG o.s.s.web.DefaultSecurityFilterChain - Will secure any request with filters: DisableEncodeUrlFilter, WebAsyncManagerIntegrationFilter, SecurityContextHolderFilter, HeaderWriterFilter, LogoutFilter, BearerTokenAuthenticationFilter, AuthenticationFilter, RequestCacheAwareFilter, SecurityContextHolderAwareRequestFilter, AnonymousAuthenticationFilter, ExceptionTranslationFilter, AuthorizationFilter
RO 15:30:19.865 [main] INFO  c.g.m.config.SecurityConfigTest - Started SecurityConfigTest in 2.597 seconds (process running for 5.398)
]]></system-out>
    <system-err><![CDATA[Mockito is currently self-attaching to enable the inline-mock-maker. This will no longer work in future releases of the JDK. Please add Mockito as an agent to your build as described in Mockito's documentation: https://javadoc.io/doc/org.mockito/mockito-core/latest/org.mockito/org/mockito/Mockito.html#0.3
WARNING: A Java agent has been loaded dynamically (C:\Users\fgdsfdsfsd\.m2\repository\net\bytebuddy\byte-buddy-agent\1.17.5\byte-buddy-agent-1.17.5.jar)
WARNING: If a serviceability tool is in use, please run with -XX:+EnableDynamicAgentLoading to hide this warning
WARNING: If a serviceability tool is not in use, please run with -Djdk.instrument.traceUsage for more information
WARNING: Dynamic loading of agents will be disallowed by default in a future release
]]></system-err>
  </testcase>
  <testcase name="jwtDecoder_beanCreated" classname="com.globus.modul26.config.SecurityConfigTest" time="0.0"/>
  <testcase name="passwordEncoder_beanCreated" classname="com.globus.modul26.config.SecurityConfigTest" time="0.169"/>
  <testcase name="jwtAuthenticationConverter_beanCreated" classname="com.globus.modul26.config.SecurityConfigTest" time="0.0"/>
  <testcase name="filterChain_createsSuccessfully" classname="com.globus.modul26.config.SecurityConfigTest" time="0.414"/>
</testsuite>